C51 COMPILER V7.02a   INTERRUPT                                                            12/24/2013 23:33:58 PAGE 1   


C51 COMPILER V7.02a, COMPILATION OF MODULE INTERRUPT
OBJECT MODULE PLACED IN interrupt.OBJ
COMPILER INVOKED BY: D:\KEIL\C51\BIN\C51.EXE interrupt.c BROWSE DEBUG OBJECTEXTEND

stmt level    source

   1          /*-----------------------------------------------
   2            FileName: interrupt.c
   3            Author: Bingkan
   4            Date: 2013/12/24
   5            Version: 1.0
   6            Describe: 所有中断子程序
   7          ------------------------------------------------*/
   8          
   9          #include "include.h"
  10          //定时器中断
  11          void Timer0() interrupt 1 using 1
  12          {
  13   1              TL0 = T1MS; 
  14   1              TH0 = T1MS >> 8;
  15   1              display(disnum);
  16   1      }
  17          
  18          void key_scan0()   interrupt 0    //外部中断 0  键盘第6键
  19          {       
  20   1              if(disnum>=0 && disnum <= 9999) 
  21   1              {                                       
  22   2                      disnum++;
  23   2              }
  24   1              else
  25   1              {
  26   2                      disnum = 0;
  27   2              }
  28   1      }
  29          
  30          void key_scan1()   interrupt 3    //外部中断1   键盘第5键
  31          {                                               
  32   1              if(disnum>=0 && disnum <= 9999) 
  33   1              {                                       
  34   2                      disnum--;
  35   2              }
  36   1              else
  37   1              {
  38   2                      disnum = 0;
  39   2              }
  40   1      }
  41          
  42          //串口中断程序
  43          void UART_SER (void) interrupt 4 //串行中断服务程序
  44          {
  45   1         if(RI)                        //判断是接收中断产生
  46   1         {
  47   2                RI=0;                      //标志位清零
  48   2                result = SBUF;                 //读入缓冲区的值
  49   2      
  50   2                //下面两句debug用
  51   2                //SBUF = result;
  52   2                //SendMsg("Fuck\n");
  53   2         }
  54   1         if(TI)                        //如果是发送标志位，清零
  55   1              TI=0;
C51 COMPILER V7.02a   INTERRUPT                                                            12/24/2013 23:33:58 PAGE 2   

  56   1      } 


MODULE INFORMATION:   STATIC OVERLAYABLE
   CODE SIZE        =    152    ----
   CONSTANT SIZE    =   ----    ----
   XDATA SIZE       =   ----    ----
   PDATA SIZE       =   ----    ----
   DATA SIZE        =   ----    ----
   IDATA SIZE       =   ----    ----
   BIT SIZE         =   ----    ----
END OF MODULE INFORMATION.


C51 COMPILATION COMPLETE.  0 WARNING(S),  0 ERROR(S)
