C51 COMPILER V7.02a   TOOLS                                                                12/24/2013 23:33:58 PAGE 1   


C51 COMPILER V7.02a, COMPILATION OF MODULE TOOLS
OBJECT MODULE PLACED IN tools.OBJ
COMPILER INVOKED BY: D:\KEIL\C51\BIN\C51.EXE tools.c BROWSE DEBUG OBJECTEXTEND

stmt level    source

   1          /*-----------------------------------------------
   2            FileName: tools.c
   3            Author: Bingkan
   4            Date: 2013/12/24
   5            Version: 1.0
   6            Describe: 工具函数
   7          ------------------------------------------------*/
   8          
   9          #include "tools.h"
  10          
  11          
  12          //跑马灯演示程序
  13          void loopled(void)
  14          {
  15   1                delay(150);
  16   1                P2 <<= 1;      //左移一位
  17   1                P2 |= 0x01;    //最后一位补1
  18   1                if(P2 == 0x7f)
  19   1            { 
  20   2                   delay(150);
  21   2                   P2=0xfe;
  22   2            }
  23   1      }
  24          
  25          //延时子程序
  26          void delay(unsigned int cnt) 
  27          {
  28   1              unsigned int i=0, j=0;
  29   1              for(i=0; i< cnt; i++)
  30   1              {
  31   2                      for(j=0; j<200; j++);
  32   2              }
  33   1      }
  34          
  35          


MODULE INFORMATION:   STATIC OVERLAYABLE
   CODE SIZE        =     64    ----
   CONSTANT SIZE    =   ----    ----
   XDATA SIZE       =   ----    ----
   PDATA SIZE       =   ----    ----
   DATA SIZE        =   ----    ----
   IDATA SIZE       =   ----    ----
   BIT SIZE         =   ----    ----
END OF MODULE INFORMATION.


C51 COMPILATION COMPLETE.  0 WARNING(S),  0 ERROR(S)
