C51 COMPILER V7.02a   UART                                                                 12/24/2013 23:33:58 PAGE 1   


C51 COMPILER V7.02a, COMPILATION OF MODULE UART
OBJECT MODULE PLACED IN uart.OBJ
COMPILER INVOKED BY: D:\KEIL\C51\BIN\C51.EXE uart.c BROWSE DEBUG OBJECTEXTEND

stmt level    source

   1          /*-----------------------------------------------
   2            FileName: uart.c
   3            Author: Bingkan
   4            Date: 2013/12/24
   5            Version: 1.0
   6            Describe: 串口发送数据
   7          ------------------------------------------------*/
   8          
   9          #include"uart.h"
  10          
  11          void SendChar(char c)
  12          {
  13   1              SBUF = c;
  14   1              while(!TI);
  15   1              TI = 0;
  16   1      }
  17          
  18          //串口发送数据
  19          void SendMsg(char *s)
  20          {
  21   1              unsigned int i = 0;
  22   1              ES = 0;       /* 关闭串口中断*/
  23   1              while(1)
  24   1              {
  25   2                      if(s[i] == 0)
  26   2                              break;
  27   2                      SendChar(s[i]);
  28   2                      i++;
  29   2              }
  30   1              ES = 1;       /*打开串口中断*/
  31   1      }


MODULE INFORMATION:   STATIC OVERLAYABLE
   CODE SIZE        =     48    ----
   CONSTANT SIZE    =   ----    ----
   XDATA SIZE       =   ----    ----
   PDATA SIZE       =   ----    ----
   DATA SIZE        =   ----       3
   IDATA SIZE       =   ----    ----
   BIT SIZE         =   ----    ----
END OF MODULE INFORMATION.


C51 COMPILATION COMPLETE.  0 WARNING(S),  0 ERROR(S)
